<?xml version="1.0" encoding="UTF-8"?>
<!-- Generated by org.testng.reporters.JUnitXMLReporter -->
<testsuite ignored="0" hostname="LAPTOP-KLEB0GDL" failures="0" tests="4" name="Default test" time="11.762" errors="0" timestamp="2023-08-29T04:40:07 BOT">
  <testcase classname="tests.GanaMovilEmpresaPageTest" name="testStep_1" time="0.1"/>
  <testcase classname="tests.GanaMovilEmpresaPageTest" name="testStep_2" time="1.76"/>
  <testcase classname="tests.GanaMovilEmpresaPageTest" name="testStep_3" time="0.015"/>
  <testcase classname="tests.GanaMovilEmpresaPageTest" name="testStep_4" time="0.005"/>
</testsuite> <!-- Default test -->
