<?xml version="1.0" encoding="UTF-8"?>
<!-- Generated by org.testng.reporters.JUnitXMLReporter -->
<testsuite ignored="0" hostname="LAPTOP-KLEB0GDL" failures="0" tests="3" name="Invalid Login" time="2.39" errors="0" timestamp="2023-08-28T20:15:40 BOT">
  <testcase classname="tests.InvalidLoginTest" name="testStep_1" time="0.0">
    <skipped/>
  </testcase> <!-- testStep_1 -->
  <testcase classname="tests.InvalidLoginTest" name="testStep_2" time="0.0">
    <skipped/>
  </testcase> <!-- testStep_2 -->
  <testcase classname="tests.InvalidLoginTest" name="testStep_3" time="0.0">
    <skipped/>
  </testcase> <!-- testStep_3 -->
</testsuite> <!-- Invalid Login -->
