<?xml version="1.0" encoding="UTF-8"?>
<!-- Generated by org.testng.reporters.JUnitXMLReporter -->
<testsuite ignored="0" hostname="LAPTOP-KLEB0GDL" failures="0" tests="4" name="Valida  que se muestre cada uno de los datos de contacto por medio de una assertion" time="18.353" errors="0" timestamp="2023-08-29T05:04:44 BOT">
  <testcase classname="tests.GanaMovilEmpresaPageTest" name="testStep_1" time="0.169"/>
  <testcase classname="tests.GanaMovilEmpresaPageTest" name="testStep_2" time="5.944"/>
  <testcase classname="tests.GanaMovilEmpresaPageTest" name="testStep_3" time="0.02"/>
  <testcase classname="tests.GanaMovilEmpresaPageTest" name="testStep_4" time="0.012"/>
</testsuite> <!-- Valida  que se muestre cada uno de los datos de contacto por medio de una assertion -->
