<?xml version="1.0" encoding="UTF-8"?>
<!-- Generated by org.testng.reporters.JUnitXMLReporter -->
<testsuite ignored="0" hostname="LAPTOP-KLEB0GDL" failures="0" tests="2" name="Valid Login from Side Login Button" time="2.494" errors="0" timestamp="2023-08-28T20:15:37 BOT">
  <testcase classname="tests.SideValidLoginTest" name="testStep_1" time="0.0">
    <skipped/>
  </testcase> <!-- testStep_1 -->
  <testcase classname="tests.SideValidLoginTest" name="testStep_2" time="0.0">
    <skipped/>
  </testcase> <!-- testStep_2 -->
</testsuite> <!-- Valid Login from Side Login Button -->
