<?xml version="1.0" encoding="UTF-8"?>
<testng-results ignored="0" total="4" passed="4" failed="0" skipped="0">
  <reporter-output>
  </reporter-output>
  <suite started-at="2023-08-29T05:04:26 BOT" name="Upstream Test Suite" finished-at="2023-08-29T05:04:44 BOT" duration-ms="18353">
    <groups>
    </groups>
    <test started-at="2023-08-29T05:04:26 BOT" name="Valida  que se muestre cada uno de los datos de contacto por medio de una assertion" finished-at="2023-08-29T05:04:44 BOT" duration-ms="18353">
      <class name="tests.GanaMovilEmpresaPageTest">
        <test-method is-config="true" signature="setUp(java.lang.String,java.lang.String,int)[pri:0, instance:tests.GanaMovilEmpresaPageTest@6cc558c6]" started-at="2023-08-29T05:04:26 BOT" name="setUp" finished-at="2023-08-29T05:04:36 BOT" duration-ms="10592" status="PASS">
          <params>
            <param index="0">
              <value>
                <![CDATA[https://www.bg.com.bo]]>
              </value>
            </param>
            <param index="1">
              <value>
                <![CDATA[chrome]]>
              </value>
            </param>
            <param index="2">
              <value>
                <![CDATA[10]]>
              </value>
            </param>
          </params>
          <reporter-output>
          </reporter-output>
        </test-method> <!-- setUp -->
        <test-method signature="testStep_1(java.lang.String)[pri:0, instance:tests.GanaMovilEmpresaPageTest@6cc558c6]" started-at="2023-08-29T05:04:36 BOT" name="testStep_1" description="User busca los datos de contacto." finished-at="2023-08-29T05:04:37 BOT" duration-ms="169" status="PASS">
          <params>
            <param index="0">
              <value>
                <![CDATA[https://www.bg.com.bo]]>
              </value>
            </param>
          </params>
          <reporter-output>
          </reporter-output>
        </test-method> <!-- testStep_1 -->
        <test-method signature="testStep_2(java.lang.String)[pri:0, instance:tests.GanaMovilEmpresaPageTest@6cc558c6]" started-at="2023-08-29T05:04:37 BOT" name="testStep_2" description="Cuando Ingreso al menú (Negocios|Menu hamburguesa|GanaMóvil Empresas)" finished-at="2023-08-29T05:04:43 BOT" depends-on-methods="tests.GanaMovilEmpresaPageTest.testStep_1" duration-ms="5944" status="PASS">
          <params>
            <param index="0">
              <value>
                <![CDATA[Negocios|Menu hamburguesa|GanaMóvil Empresas]]>
              </value>
            </param>
          </params>
          <reporter-output>
          </reporter-output>
        </test-method> <!-- testStep_2 -->
        <test-method signature="testStep_3()[pri:0, instance:tests.GanaMovilEmpresaPageTest@6cc558c6]" started-at="2023-08-29T05:04:43 BOT" name="testStep_3" description="Y busco los datos de contacto" finished-at="2023-08-29T05:04:43 BOT" depends-on-methods="tests.GanaMovilEmpresaPageTest.testStep_2" duration-ms="20" status="PASS">
          <reporter-output>
          </reporter-output>
        </test-method> <!-- testStep_3 -->
        <test-method signature="testStep_4()[pri:0, instance:tests.GanaMovilEmpresaPageTest@6cc558c6]" started-at="2023-08-29T05:04:43 BOT" name="testStep_4" description="Entonces obtengo un listado
con el
Teléfono: 800-10-3999
WhatsApp: (+591)-721-03001
Email: bancoganadero@bg.com.bo
Horarios: 07:00 a 22:00 Hrs. (Lunes a Domingo)" finished-at="2023-08-29T05:04:43 BOT" depends-on-methods="tests.GanaMovilEmpresaPageTest.testStep_3" duration-ms="12" status="PASS">
          <reporter-output>
          </reporter-output>
        </test-method> <!-- testStep_4 -->
        <test-method is-config="true" signature="tearDown()[pri:0, instance:tests.GanaMovilEmpresaPageTest@6cc558c6]" started-at="2023-08-29T05:04:43 BOT" name="tearDown" finished-at="2023-08-29T05:04:44 BOT" duration-ms="1197" status="PASS">
          <reporter-output>
          </reporter-output>
        </test-method> <!-- tearDown -->
      </class> <!-- tests.GanaMovilEmpresaPageTest -->
    </test> <!-- Valida  que se muestre cada uno de los datos de contacto por medio de una assertion -->
  </suite> <!-- Upstream Test Suite -->
</testng-results>
